make all --print-data-base --no-builtin-variables --no-builtin-rules --question
# GNU Make 3.81
# Copyright (C) 2006  Free Software Foundation, Inc.
# This is free software; see the source for copying conditions.
# There is NO warranty; not even for MERCHANTABILITY or FITNESS FOR A
# PARTICULAR PURPOSE.

# This program built for i386-apple-darwin11.3.0

# Make data base, printed on Wed May 11 14:41:57 2022

# Variables

# automatic
<D = $(patsubst %/,%,$(dir $<))
# automatic
?F = $(notdir $?)
# environment
ELECTRON_NO_ATTACH_CONSOLE = 1
# environment
VSCODE_LOG_NATIVE = false
# automatic
?D = $(patsubst %/,%,$(dir $?))
# automatic
@D = $(patsubst %/,%,$(dir $@))
# automatic
@F = $(notdir $@)
# makefile
CURDIR := /Users/ilyas.bakouch/Dev/build-your-first-serverless-application/read-app-sam
# makefile
SHELL = /bin/sh
# environment
VSCODE_NLS_CONFIG = {"locale":"en-us","availableLanguages":{},"_languagePackSupport":true}
# environment
_ = /usr/bin/make
# makefile (from `Makefile', line 1)
MAKEFILE_LIST :=  Makefile
# makefile (from `Makefile', line 10)
LOG_RETENTION_QA = 14
# environment
VSCODE_VERBOSE_LOGGING = true
# environment
__CFBundleIdentifier = com.microsoft.VSCode
# environment
INFOPATH = /opt/homebrew/share/info:
# environment
VSCODE_IPC_HOOK_EXTHOST = /var/folders/x0/7wf32g7d0cgfv931j0hc0bgh0000gq/T/vscode-ipc-6adeda8c-3442-4fc6-b683-2880bd2ecc8b.sock
# environment
VSCODE_CWD = /Users/ilyas.bakouch/Dev/build-your-first-serverless-application/read-app-sam
# environment
PATH = /Users/ilyas.bakouch/.fig/bin:/Users/ilyas.bakouch/.local/bin:/opt/homebrew/bin:/opt/homebrew/sbin:/usr/local/bin:/usr/bin:/bin:/usr/sbin:/sbin
# makefile (from `Makefile', line 6)
S3_PREFIX = YT/read-app-sam 
# environment
VSCODE_LOG_STACK = false
# environment
ELECTRON_RUN_AS_NODE = 1
# default
.FEATURES := target-specific order-only second-expansion else-if archives jobserver check-symlink
# environment
SSH_AUTH_SOCK = /private/tmp/com.apple.launchd.4ymeDAZEHF/Listeners
# automatic
%F = $(notdir $%)
# environment
TTY = /dev/ttys002
# environment
VSCODE_PIPE_LOGGING = true
# environment
FIG_PID = 7371
# environment
PWD = /Users/ilyas.bakouch/Dev/build-your-first-serverless-application/read-app-sam
# environment
HOMEBREW_CELLAR = /opt/homebrew/Cellar
# environment
ORIGINAL_XDG_CURRENT_DESKTOP = undefined
# environment
MANPATH = /opt/homebrew/share/man::
# environment
VSCODE_AMD_ENTRYPOINT = vs/workbench/api/node/extensionHostProcess
# environment
HOME = /Users/ilyas.bakouch
# default
MAKEFILEPATH = $(shell /usr/bin/xcode-select -print-path 2>/dev/null || echo /Developer)/Makefiles
# environment
VSCODE_CLI = 1
# environment
VSCODE_CODE_CACHE_PATH = /Users/ilyas.bakouch/Library/Application Support/Code/CachedData/da15b6fd3ef856477bf6f4fb29ba1b7af717770d
# environment
LOGNAME = ilyas.bakouch
# environment
APPLICATION_INSIGHTS_NO_DIAGNOSTIC_CHANNEL = 1
# environment
VSCODE_HANDLES_UNCAUGHT_ERRORS = true
# automatic
^D = $(patsubst %/,%,$(dir $^))
# environment
XPC_FLAGS = 0x0
# environment
COLORTERM = truecolor
# default
MAKE = $(MAKE_COMMAND)
# environment
LC_TERMINAL = iTerm2
# environment
SHLVL = 4
# environment
FIG_TERM = 1
# makefile (from `Makefile', line 4)
AWS_PROFILE = dev
# makefile (from `Makefile', line 8)
STACK_NAME = $(APP_NAME)-stack
# default
MAKE_VERSION := 3.81
# environment
USER = ilyas.bakouch
# environment
FIG_TERM_VERSION = 4.3.0
# default
MAKECMDGOALS := all
# environment
TERM_SESSION_ID = w0t0p0:55B1BB2F-B97E-4501-B01A-2C75DBD927FC
# automatic
%D = $(patsubst %/,%,$(dir $%))
# environment
FIG_INTEGRATION_VERSION = 8
# default
MAKE_COMMAND := /Library/Developer/CommandLineTools/usr/bin/make
# environment
TERM_PROGRAM = iTerm.app
# default
.VARIABLES := 
# environment
TMPDIR = /var/folders/x0/7wf32g7d0cgfv931j0hc0bgh0000gq/T/
# automatic
*F = $(notdir $*)
# environment
VSCODE_IPC_HOOK = /Users/ilyas.bakouch/Library/Application Support/Code/1.67.1-main.sock
# makefile
MAKEFLAGS = Rrqp
# environment
MFLAGS = -Rrqp
# automatic
*D = $(patsubst %/,%,$(dir $*))
# environment
TERM_PROGRAM_VERSION = 3.4.15
# environment
XPC_SERVICE_NAME = application.com.microsoft.VSCode.33383149.33383155.E310F7BB-5163-4D14-BE5D-D4703ECA7D82
# environment
LC_TERMINAL_VERSION = 3.4.15
# environment
HOMEBREW_PREFIX = /opt/homebrew
# automatic
+D = $(patsubst %/,%,$(dir $+))
# automatic
+F = $(notdir $+)
# environment
ITERM_SESSION_ID = w0t0p0:55B1BB2F-B97E-4501-B01A-2C75DBD927FC
# makefile (from `Makefile', line 5)
APP_NAME = read-app-sam
# environment
HOMEBREW_REPOSITORY = /opt/homebrew
# environment
COLORFGBG = 7;0
# environment
__CF_USER_TEXT_ENCODING = 0x1F7:0x0:0x52
# environment
COMMAND_MODE = unix2003
# default
MAKEFILES := 
# automatic
<F = $(notdir $<)
# environment
ITERM_PROFILE = Default
# environment
LC_ALL = C
# automatic
^F = $(notdir $^)
# default
SUFFIXES := 
# makefile (from `Makefile', line 3)
AWS_REGION = us-east-1
# environment
MAKELEVEL := 0
# makefile
.DEFAULT_GOAL := validate-template
# environment
LANG = C
# environment
TERM = xterm-256color
# environment
VSCODE_PID = 41250
# variable set hash-table stats:
# Load=89/1024=9%, Rehash=0, Collisions=6/115=5%

# Pattern-specific Variable Values

# No pattern-specific variable values.

# Directories

# . (device 16777231, inode 12345420): 17 files, no impossibilities.

# 17 files, no impossibilities in 1 directories.

# Implicit Rules

# No implicit rules.

# Files

.ONESHELL:
#  Implicit rule search has not been done.
#  Modification time never checked.
#  File has not been updated.

validate-template:
#  Implicit rule search has not been done.
#  Modification time never checked.
#  File has not been updated.
#  commands to execute (from `Makefile', line 15):
	sam validate --template-file template.yaml
	

# Not a target:
all:
#  Command-line target.
#  Implicit rule search has been done.
#  File does not exist.
#  File has not been updated.
# variable set hash-table stats:
# Load=0/32=0%, Rehash=0, Collisions=0/0=0%

# Not a target:
.SUFFIXES:
#  Implicit rule search has not been done.
#  Modification time never checked.
#  File has not been updated.

# Not a target:
Makefile:
#  Implicit rule search has been done.
#  Last modified 2022-04-23 12:36:42
#  File has been updated.
#  Successfully updated.
# variable set hash-table stats:
# Load=0/32=0%, Rehash=0, Collisions=0/0=0%

sync:
#  Implicit rule search has not been done.
#  Modification time never checked.
#  File has not been updated.
#  commands to execute (from `Makefile', line 18):
	npm update
	sam sync --beta-features --template-file template.yaml --watch --stack-name $(STACK_NAME) --region $(AWS_REGION) --profile $(AWS_PROFILE)
	

invoke-get-all-orders:
#  Implicit rule search has not been done.
#  Modification time never checked.
#  File has not been updated.
#  commands to execute (from `Makefile', line 29):
	sam local invoke getAllOrdersFunction --template-file template.yaml --event events/get-all-orders.json --region $(AWS_REGION)
	

# Not a target:
.DEFAULT:
#  Implicit rule search has not been done.
#  Modification time never checked.
#  File has not been updated.

build-local-functions:
#  Implicit rule search has not been done.
#  Modification time never checked.
#  File has not been updated.
#  commands to execute (from `Makefile', line 23):
	rm -Rf .aws-sam/build/
	sam build --beta-features --template-file template.yaml
	

destroy:
#  Implicit rule search has not been done.
#  Modification time never checked.
#  File has not been updated.
#  commands to execute (from `Makefile', line 44):
	sam delete --stack-name $(STACK_NAME) --region $(AWS_REGION) --profile $(AWS_PROFILE)
	

logs:
#  Implicit rule search has not been done.
#  Modification time never checked.
#  File has not been updated.
#  commands to execute (from `Makefile', line 41):
	sam logs --beta-features --stack-name $(STACK_NAME) --tail --region $(AWS_REGION) --profile $(AWS_PROFILE)
	

deploy:
#  Implicit rule search has not been done.
#  Modification time never checked.
#  File has not been updated.
#  commands to execute (from `Makefile', line 34):
	rm -Rf node_modules
	rm -Rf .aws-sam
	cd src && npm install --only=prod
 
make: *** No rule to make target `all'.  Stop.

	sam deploy --template-file template.yaml --stack-name $(STACK_NAME) --resolve-s3 --s3-prefix $(S3_PREFIX) --capabilities CAPABILITY_IAM --region $(AWS_REGION) --profile $(AWS_PROFILE)
	

# files hash-table stats:
# Load=12/1024=1%, Rehash=0, Collisions=0/24=0%
# VPATH Search Paths

# No `vpath' search paths.

# No general (`VPATH' variable) search path.

# # of strings in strcache: 1
# # of strcache buffers: 1
# strcache size: total = 4096 / max = 4096 / min = 4096 / avg = 4096
# strcache free: total = 4087 / max = 4087 / min = 4087 / avg = 4087

# Finished Make data base on Wed May 11 14:41:57 2022

 
